{"uuid":"7dcee293-d932-473a-a99b-952718bd765d","historyId":"1937d30044ff8172514eb394b47b42f","fullName":"sanity.TodoListElectron.Test02_AddAndVerifyNewTask","labels":[{"name":"package","value":"sanity.TodoListElectron"},{"name":"testClass","value":"sanity.TodoListElectron"},{"name":"testMethod","value":"Test02_AddAndVerifyNewTask"},{"name":"parentSuite","value":"Electron Suite"},{"name":"suite","value":"Electron Tests"},{"name":"subSuite","value":"sanity.TodoListElectron"},{"name":"host","value":"Alpha-PC"},{"name":"thread","value":"16220@Alpha-PC.main(1)"},{"name":"framework","value":"testng"},{"name":"language","value":"java"}],"links":[],"name":"Test02 - Add And Verify New Task ","status":"failed","statusDetails":{"known":false,"muted":false,"flaky":false,"message":"expected:<4> but was:<3>","trace":"java.lang.AssertionError: expected:<4> but was:<3>\r\n\tat org.testng.AssertJUnit.fail(AssertJUnit.java:65)\r\n\tat org.testng.AssertJUnit.failNotEquals(AssertJUnit.java:468)\r\n\tat org.testng.AssertJUnit.assertEquals(AssertJUnit.java:88)\r\n\tat org.testng.AssertJUnit.assertEquals(AssertJUnit.java:318)\r\n\tat org.testng.AssertJUnit.assertEquals(AssertJUnit.java:328)\r\n\tat extnsions.Verfications.verifyNumber(Verfications.java:65)\r\n\tat sanity.TodoListElectron.Test02_AddAndVerifyNewTask(TodoListElectron.java:27)\r\n\tat sun.reflect.NativeMethodAccessorImpl.invoke0(Native Method)\r\n\tat sun.reflect.NativeMethodAccessorImpl.invoke(NativeMethodAccessorImpl.java:62)\r\n\tat sun.reflect.DelegatingMethodAccessorImpl.invoke(DelegatingMethodAccessorImpl.java:43)\r\n\tat java.lang.reflect.Method.invoke(Method.java:498)\r\n\tat org.testng.internal.MethodInvocationHelper.invokeMethod(MethodInvocationHelper.java:132)\r\n\tat org.testng.internal.TestInvoker.invokeMethod(TestInvoker.java:599)\r\n\tat org.testng.internal.TestInvoker.invokeTestMethod(TestInvoker.java:174)\r\n\tat org.testng.internal.MethodRunner.runInSequence(MethodRunner.java:46)\r\n\tat org.testng.internal.TestInvoker$MethodInvocationAgent.invoke(TestInvoker.java:822)\r\n\tat org.testng.internal.TestInvoker.invokeTestMethods(TestInvoker.java:147)\r\n\tat org.testng.internal.TestMethodWorker.invokeTestMethods(TestMethodWorker.java:146)\r\n\tat org.testng.internal.TestMethodWorker.run(TestMethodWorker.java:128)\r\n\tat java.util.ArrayList.forEach(ArrayList.java:1249)\r\n\tat org.testng.TestRunner.privateRun(TestRunner.java:764)\r\n\tat org.testng.TestRunner.run(TestRunner.java:585)\r\n\tat org.testng.SuiteRunner.runTest(SuiteRunner.java:384)\r\n\tat org.testng.SuiteRunner.runSequentially(SuiteRunner.java:378)\r\n\tat org.testng.SuiteRunner.privateRun(SuiteRunner.java:337)\r\n\tat org.testng.SuiteRunner.run(SuiteRunner.java:286)\r\n\tat org.testng.SuiteRunnerWorker.runSuite(SuiteRunnerWorker.java:53)\r\n\tat org.testng.SuiteRunnerWorker.run(SuiteRunnerWorker.java:96)\r\n\tat org.testng.TestNG.runSuitesSequentially(TestNG.java:1218)\r\n\tat org.testng.TestNG.runSuitesLocally(TestNG.java:1140)\r\n\tat org.testng.TestNG.runSuites(TestNG.java:1069)\r\n\tat org.testng.TestNG.run(TestNG.java:1037)\r\n\tat org.apache.maven.surefire.testng.TestNGExecutor.run(TestNGExecutor.java:283)\r\n\tat org.apache.maven.surefire.testng.TestNGXmlTestSuite.execute(TestNGXmlTestSuite.java:75)\r\n\tat org.apache.maven.surefire.testng.TestNGProvider.invoke(TestNGProvider.java:120)\r\n\tat org.apache.maven.surefire.booter.ForkedBooter.invokeProviderInSameClassLoader(ForkedBooter.java:384)\r\n\tat org.apache.maven.surefire.booter.ForkedBooter.runSuitesInProcess(ForkedBooter.java:345)\r\n\tat org.apache.maven.surefire.booter.ForkedBooter.execute(ForkedBooter.java:126)\r\n\tat org.apache.maven.surefire.booter.ForkedBooter.main(ForkedBooter.java:418)\r\n"},"stage":"finished","description":"This test adds a new task and verifies it in the list of tasks ","steps":[{"name":"Business Flow: Add New Task to The List","status":"passed","stage":"finished","steps":[{"name":"Update text Element","status":"passed","stage":"finished","steps":[],"attachments":[],"parameters":[{"name":"elem","value":"[[ChromeDriver: chrome on XP (ef4396bdbbd4d371fe4138090d8c532f)] -> css selector: input[placeholder='Create a task']]"},{"name":"text","value":"Learn Python"}],"start":1656436922484,"stop":1656436922626},{"name":"Insert Key ","status":"passed","stage":"finished","steps":[],"attachments":[],"parameters":[{"name":"elem","value":"[[ChromeDriver: chrome on XP (ef4396bdbbd4d371fe4138090d8c532f)] -> css selector: input[placeholder='Create a task']]"},{"name":"value","value":""}],"start":1656436922637,"stop":1656436922675}],"attachments":[],"parameters":[{"name":"taskName","value":"Learn Python"}],"start":1656436922467,"stop":1656436922675},{"name":"Business Flow: Add New Task to The List","status":"passed","stage":"finished","steps":[{"name":"Update text Element","status":"passed","stage":"finished","steps":[],"attachments":[],"parameters":[{"name":"elem","value":"[[ChromeDriver: chrome on XP (ef4396bdbbd4d371fe4138090d8c532f)] -> css selector: input[placeholder='Create a task']]"},{"name":"text","value":"Learn C++"}],"start":1656436922701,"stop":1656436922781},{"name":"Insert Key ","status":"passed","stage":"finished","steps":[],"attachments":[],"parameters":[{"name":"elem","value":"[[ChromeDriver: chrome on XP (ef4396bdbbd4d371fe4138090d8c532f)] -> css selector: input[placeholder='Create a task']]"},{"name":"value","value":""}],"start":1656436922792,"stop":1656436922830}],"attachments":[],"parameters":[{"name":"taskName","value":"Learn C++"}],"start":1656436922675,"stop":1656436922830},{"name":"Business Flow: Add New Task to The List","status":"passed","stage":"finished","steps":[{"name":"Update text Element","status":"passed","stage":"finished","steps":[],"attachments":[],"parameters":[{"name":"elem","value":"[[ChromeDriver: chrome on XP (ef4396bdbbd4d371fe4138090d8c532f)] -> css selector: input[placeholder='Create a task']]"},{"name":"text","value":"Learn Java"}],"start":1656436922839,"stop":1656436922926},{"name":"Insert Key ","status":"passed","stage":"finished","steps":[],"attachments":[],"parameters":[{"name":"elem","value":"[[ChromeDriver: chrome on XP (ef4396bdbbd4d371fe4138090d8c532f)] -> css selector: input[placeholder='Create a task']]"},{"name":"value","value":""}],"start":1656436922936,"stop":1656436922977}],"attachments":[],"parameters":[{"name":"taskName","value":"Learn Java"}],"start":1656436922830,"stop":1656436922977},{"name":"Business Flow: Count and Return Number of Task in List","status":"passed","stage":"finished","steps":[],"attachments":[],"parameters":[],"start":1656436922977,"stop":1656436922990},{"name":"Verify Number with Number","status":"failed","statusDetails":{"known":false,"muted":false,"flaky":false,"message":"expected:<4> but was:<3>","trace":"java.lang.AssertionError: expected:<4> but was:<3>\r\n\tat org.testng.AssertJUnit.fail(AssertJUnit.java:65)\r\n\tat org.testng.AssertJUnit.failNotEquals(AssertJUnit.java:468)\r\n\tat org.testng.AssertJUnit.assertEquals(AssertJUnit.java:88)\r\n\tat org.testng.AssertJUnit.assertEquals(AssertJUnit.java:318)\r\n\tat org.testng.AssertJUnit.assertEquals(AssertJUnit.java:328)\r\n\tat extnsions.Verfications.verifyNumber(Verfications.java:65)\r\n\tat sanity.TodoListElectron.Test02_AddAndVerifyNewTask(TodoListElectron.java:27)\r\n\tat sun.reflect.NativeMethodAccessorImpl.invoke0(Native Method)\r\n\tat sun.reflect.NativeMethodAccessorImpl.invoke(NativeMethodAccessorImpl.java:62)\r\n\tat sun.reflect.DelegatingMethodAccessorImpl.invoke(DelegatingMethodAccessorImpl.java:43)\r\n\tat java.lang.reflect.Method.invoke(Method.java:498)\r\n\tat org.testng.internal.MethodInvocationHelper.invokeMethod(MethodInvocationHelper.java:132)\r\n\tat org.testng.internal.TestInvoker.invokeMethod(TestInvoker.java:599)\r\n\tat org.testng.internal.TestInvoker.invokeTestMethod(TestInvoker.java:174)\r\n\tat org.testng.internal.MethodRunner.runInSequence(MethodRunner.java:46)\r\n\tat org.testng.internal.TestInvoker$MethodInvocationAgent.invoke(TestInvoker.java:822)\r\n\tat org.testng.internal.TestInvoker.invokeTestMethods(TestInvoker.java:147)\r\n\tat org.testng.internal.TestMethodWorker.invokeTestMethods(TestMethodWorker.java:146)\r\n\tat org.testng.internal.TestMethodWorker.run(TestMethodWorker.java:128)\r\n\tat java.util.ArrayList.forEach(ArrayList.java:1249)\r\n\tat org.testng.TestRunner.privateRun(TestRunner.java:764)\r\n\tat org.testng.TestRunner.run(TestRunner.java:585)\r\n\tat org.testng.SuiteRunner.runTest(SuiteRunner.java:384)\r\n\tat org.testng.SuiteRunner.runSequentially(SuiteRunner.java:378)\r\n\tat org.testng.SuiteRunner.privateRun(SuiteRunner.java:337)\r\n\tat org.testng.SuiteRunner.run(SuiteRunner.java:286)\r\n\tat org.testng.SuiteRunnerWorker.runSuite(SuiteRunnerWorker.java:53)\r\n\tat org.testng.SuiteRunnerWorker.run(SuiteRunnerWorker.java:96)\r\n\tat org.testng.TestNG.runSuitesSequentially(TestNG.java:1218)\r\n\tat org.testng.TestNG.runSuitesLocally(TestNG.java:1140)\r\n\tat org.testng.TestNG.runSuites(TestNG.java:1069)\r\n\tat org.testng.TestNG.run(TestNG.java:1037)\r\n\tat org.apache.maven.surefire.testng.TestNGExecutor.run(TestNGExecutor.java:283)\r\n\tat org.apache.maven.surefire.testng.TestNGXmlTestSuite.execute(TestNGXmlTestSuite.java:75)\r\n\tat org.apache.maven.surefire.testng.TestNGProvider.invoke(TestNGProvider.java:120)\r\n\tat org.apache.maven.surefire.booter.ForkedBooter.invokeProviderInSameClassLoader(ForkedBooter.java:384)\r\n\tat org.apache.maven.surefire.booter.ForkedBooter.runSuitesInProcess(ForkedBooter.java:345)\r\n\tat org.apache.maven.surefire.booter.ForkedBooter.execute(ForkedBooter.java:126)\r\n\tat org.apache.maven.surefire.booter.ForkedBooter.main(ForkedBooter.java:418)\r\n"},"stage":"finished","steps":[],"attachments":[],"parameters":[{"name":"expected","value":"4"},{"name":"actual","value":"3"}],"start":1656436922991,"stop":1656436922992}],"attachments":[{"name":"Page Screen-Shot","source":"2150fa71-4db1-4f54-abaa-2e701bee4945-attachment","type":"image/png"}],"parameters":[{"name":"PlatformName","value":"electron"}],"start":1656436917467,"stop":1656436923256}