{"uuid":"9127bd75-1505-4646-9f50-d4352b2b5ae9","historyId":"1937d30044ff8172514eb394b47b42f","fullName":"sanity.TodoListElectron.Test02_AddAndVerifyNewTask","labels":[{"name":"package","value":"sanity.TodoListElectron"},{"name":"testClass","value":"sanity.TodoListElectron"},{"name":"testMethod","value":"Test02_AddAndVerifyNewTask"},{"name":"parentSuite","value":"Electron Suite"},{"name":"suite","value":"Electron Tests"},{"name":"subSuite","value":"sanity.TodoListElectron"},{"name":"host","value":"Alpha-PC"},{"name":"thread","value":"16968@Alpha-PC.main(1)"},{"name":"framework","value":"testng"},{"name":"language","value":"java"}],"links":[],"name":"Test02 - Add And Verify New Task ","status":"failed","statusDetails":{"known":false,"muted":false,"flaky":false,"message":"expected:<4> but was:<3>","trace":"java.lang.AssertionError: expected:<4> but was:<3>\r\n\tat org.testng.AssertJUnit.fail(AssertJUnit.java:65)\r\n\tat org.testng.AssertJUnit.failNotEquals(AssertJUnit.java:468)\r\n\tat org.testng.AssertJUnit.assertEquals(AssertJUnit.java:88)\r\n\tat org.testng.AssertJUnit.assertEquals(AssertJUnit.java:318)\r\n\tat org.testng.AssertJUnit.assertEquals(AssertJUnit.java:328)\r\n\tat extnsions.Verfications.verifyNumber(Verfications.java:65)\r\n\tat sanity.TodoListElectron.Test02_AddAndVerifyNewTask(TodoListElectron.java:27)\r\n\tat sun.reflect.NativeMethodAccessorImpl.invoke0(Native Method)\r\n\tat sun.reflect.NativeMethodAccessorImpl.invoke(NativeMethodAccessorImpl.java:62)\r\n\tat sun.reflect.DelegatingMethodAccessorImpl.invoke(DelegatingMethodAccessorImpl.java:43)\r\n\tat java.lang.reflect.Method.invoke(Method.java:498)\r\n\tat org.testng.internal.MethodInvocationHelper.invokeMethod(MethodInvocationHelper.java:132)\r\n\tat org.testng.internal.TestInvoker.invokeMethod(TestInvoker.java:599)\r\n\tat org.testng.internal.TestInvoker.invokeTestMethod(TestInvoker.java:174)\r\n\tat org.testng.internal.MethodRunner.runInSequence(MethodRunner.java:46)\r\n\tat org.testng.internal.TestInvoker$MethodInvocationAgent.invoke(TestInvoker.java:822)\r\n\tat org.testng.internal.TestInvoker.invokeTestMethods(TestInvoker.java:147)\r\n\tat org.testng.internal.TestMethodWorker.invokeTestMethods(TestMethodWorker.java:146)\r\n\tat org.testng.internal.TestMethodWorker.run(TestMethodWorker.java:128)\r\n\tat java.util.ArrayList.forEach(ArrayList.java:1249)\r\n\tat org.testng.TestRunner.privateRun(TestRunner.java:764)\r\n\tat org.testng.TestRunner.run(TestRunner.java:585)\r\n\tat org.testng.SuiteRunner.runTest(SuiteRunner.java:384)\r\n\tat org.testng.SuiteRunner.runSequentially(SuiteRunner.java:378)\r\n\tat org.testng.SuiteRunner.privateRun(SuiteRunner.java:337)\r\n\tat org.testng.SuiteRunner.run(SuiteRunner.java:286)\r\n\tat org.testng.SuiteRunnerWorker.runSuite(SuiteRunnerWorker.java:53)\r\n\tat org.testng.SuiteRunnerWorker.run(SuiteRunnerWorker.java:96)\r\n\tat org.testng.TestNG.runSuitesSequentially(TestNG.java:1218)\r\n\tat org.testng.TestNG.runSuitesLocally(TestNG.java:1140)\r\n\tat org.testng.TestNG.runSuites(TestNG.java:1069)\r\n\tat org.testng.TestNG.run(TestNG.java:1037)\r\n\tat org.apache.maven.surefire.testng.TestNGExecutor.run(TestNGExecutor.java:283)\r\n\tat org.apache.maven.surefire.testng.TestNGXmlTestSuite.execute(TestNGXmlTestSuite.java:75)\r\n\tat org.apache.maven.surefire.testng.TestNGProvider.invoke(TestNGProvider.java:120)\r\n\tat org.apache.maven.surefire.booter.ForkedBooter.invokeProviderInSameClassLoader(ForkedBooter.java:384)\r\n\tat org.apache.maven.surefire.booter.ForkedBooter.runSuitesInProcess(ForkedBooter.java:345)\r\n\tat org.apache.maven.surefire.booter.ForkedBooter.execute(ForkedBooter.java:126)\r\n\tat org.apache.maven.surefire.booter.ForkedBooter.main(ForkedBooter.java:418)\r\n"},"stage":"finished","description":"This test adds a new task and verifies it in the list of tasks ","steps":[{"name":"Business Flow: Add New Task to The List","status":"passed","stage":"finished","steps":[{"name":"Update text Element","status":"passed","stage":"finished","steps":[],"attachments":[],"parameters":[{"name":"elem","value":"[[ChromeDriver: chrome on XP (a913f922c90ac32d8c8390b8a3175fd4)] -> css selector: input[placeholder='Create a task']]"},{"name":"text","value":"Learn Python"}],"start":1656436822314,"stop":1656436822446},{"name":"Insert Key ","status":"passed","stage":"finished","steps":[],"attachments":[],"parameters":[{"name":"elem","value":"[[ChromeDriver: chrome on XP (a913f922c90ac32d8c8390b8a3175fd4)] -> css selector: input[placeholder='Create a task']]"},{"name":"value","value":""}],"start":1656436822455,"stop":1656436822489}],"attachments":[],"parameters":[{"name":"taskName","value":"Learn Python"}],"start":1656436822304,"stop":1656436822489},{"name":"Business Flow: Add New Task to The List","status":"passed","stage":"finished","steps":[{"name":"Update text Element","status":"passed","stage":"finished","steps":[],"attachments":[],"parameters":[{"name":"elem","value":"[[ChromeDriver: chrome on XP (a913f922c90ac32d8c8390b8a3175fd4)] -> css selector: input[placeholder='Create a task']]"},{"name":"text","value":"Learn C++"}],"start":1656436822497,"stop":1656436822578},{"name":"Insert Key ","status":"passed","stage":"finished","steps":[],"attachments":[],"parameters":[{"name":"elem","value":"[[ChromeDriver: chrome on XP (a913f922c90ac32d8c8390b8a3175fd4)] -> css selector: input[placeholder='Create a task']]"},{"name":"value","value":""}],"start":1656436822587,"stop":1656436822625}],"attachments":[],"parameters":[{"name":"taskName","value":"Learn C++"}],"start":1656436822489,"stop":1656436822625},{"name":"Business Flow: Add New Task to The List","status":"passed","stage":"finished","steps":[{"name":"Update text Element","status":"passed","stage":"finished","steps":[],"attachments":[],"parameters":[{"name":"elem","value":"[[ChromeDriver: chrome on XP (a913f922c90ac32d8c8390b8a3175fd4)] -> css selector: input[placeholder='Create a task']]"},{"name":"text","value":"Learn Java"}],"start":1656436822641,"stop":1656436822705},{"name":"Insert Key ","status":"passed","stage":"finished","steps":[],"attachments":[],"parameters":[{"name":"elem","value":"[[ChromeDriver: chrome on XP (a913f922c90ac32d8c8390b8a3175fd4)] -> css selector: input[placeholder='Create a task']]"},{"name":"value","value":""}],"start":1656436822712,"stop":1656436822752}],"attachments":[],"parameters":[{"name":"taskName","value":"Learn Java"}],"start":1656436822625,"stop":1656436822752},{"name":"Business Flow: Count and Return Number of Task in List","status":"passed","stage":"finished","steps":[],"attachments":[],"parameters":[],"start":1656436822752,"stop":1656436822763},{"name":"Verify Number with Number","status":"failed","statusDetails":{"known":false,"muted":false,"flaky":false,"message":"expected:<4> but was:<3>","trace":"java.lang.AssertionError: expected:<4> but was:<3>\r\n\tat org.testng.AssertJUnit.fail(AssertJUnit.java:65)\r\n\tat org.testng.AssertJUnit.failNotEquals(AssertJUnit.java:468)\r\n\tat org.testng.AssertJUnit.assertEquals(AssertJUnit.java:88)\r\n\tat org.testng.AssertJUnit.assertEquals(AssertJUnit.java:318)\r\n\tat org.testng.AssertJUnit.assertEquals(AssertJUnit.java:328)\r\n\tat extnsions.Verfications.verifyNumber(Verfications.java:65)\r\n\tat sanity.TodoListElectron.Test02_AddAndVerifyNewTask(TodoListElectron.java:27)\r\n\tat sun.reflect.NativeMethodAccessorImpl.invoke0(Native Method)\r\n\tat sun.reflect.NativeMethodAccessorImpl.invoke(NativeMethodAccessorImpl.java:62)\r\n\tat sun.reflect.DelegatingMethodAccessorImpl.invoke(DelegatingMethodAccessorImpl.java:43)\r\n\tat java.lang.reflect.Method.invoke(Method.java:498)\r\n\tat org.testng.internal.MethodInvocationHelper.invokeMethod(MethodInvocationHelper.java:132)\r\n\tat org.testng.internal.TestInvoker.invokeMethod(TestInvoker.java:599)\r\n\tat org.testng.internal.TestInvoker.invokeTestMethod(TestInvoker.java:174)\r\n\tat org.testng.internal.MethodRunner.runInSequence(MethodRunner.java:46)\r\n\tat org.testng.internal.TestInvoker$MethodInvocationAgent.invoke(TestInvoker.java:822)\r\n\tat org.testng.internal.TestInvoker.invokeTestMethods(TestInvoker.java:147)\r\n\tat org.testng.internal.TestMethodWorker.invokeTestMethods(TestMethodWorker.java:146)\r\n\tat org.testng.internal.TestMethodWorker.run(TestMethodWorker.java:128)\r\n\tat java.util.ArrayList.forEach(ArrayList.java:1249)\r\n\tat org.testng.TestRunner.privateRun(TestRunner.java:764)\r\n\tat org.testng.TestRunner.run(TestRunner.java:585)\r\n\tat org.testng.SuiteRunner.runTest(SuiteRunner.java:384)\r\n\tat org.testng.SuiteRunner.runSequentially(SuiteRunner.java:378)\r\n\tat org.testng.SuiteRunner.privateRun(SuiteRunner.java:337)\r\n\tat org.testng.SuiteRunner.run(SuiteRunner.java:286)\r\n\tat org.testng.SuiteRunnerWorker.runSuite(SuiteRunnerWorker.java:53)\r\n\tat org.testng.SuiteRunnerWorker.run(SuiteRunnerWorker.java:96)\r\n\tat org.testng.TestNG.runSuitesSequentially(TestNG.java:1218)\r\n\tat org.testng.TestNG.runSuitesLocally(TestNG.java:1140)\r\n\tat org.testng.TestNG.runSuites(TestNG.java:1069)\r\n\tat org.testng.TestNG.run(TestNG.java:1037)\r\n\tat org.apache.maven.surefire.testng.TestNGExecutor.run(TestNGExecutor.java:283)\r\n\tat org.apache.maven.surefire.testng.TestNGXmlTestSuite.execute(TestNGXmlTestSuite.java:75)\r\n\tat org.apache.maven.surefire.testng.TestNGProvider.invoke(TestNGProvider.java:120)\r\n\tat org.apache.maven.surefire.booter.ForkedBooter.invokeProviderInSameClassLoader(ForkedBooter.java:384)\r\n\tat org.apache.maven.surefire.booter.ForkedBooter.runSuitesInProcess(ForkedBooter.java:345)\r\n\tat org.apache.maven.surefire.booter.ForkedBooter.execute(ForkedBooter.java:126)\r\n\tat org.apache.maven.surefire.booter.ForkedBooter.main(ForkedBooter.java:418)\r\n"},"stage":"finished","steps":[],"attachments":[],"parameters":[{"name":"expected","value":"4"},{"name":"actual","value":"3"}],"start":1656436822763,"stop":1656436822764}],"attachments":[{"name":"Page Screen-Shot","source":"51473b67-af73-4d16-92cd-2f63806378e9-attachment","type":"image/png"}],"parameters":[{"name":"PlatformName","value":"electron"}],"start":1656436817303,"stop":1656436823058}